-2.020500e+01 -4.050000e-01 4.050000e-01 2.020500e+01
-2.020352e+01 -4.064769e-01 4.064769e-01 2.020352e+01
-2.019909e+01 -4.109068e-01 4.109068e-01 2.019909e+01
-2.019171e+01 -4.182879e-01 4.182879e-01 2.019171e+01
-2.018138e+01 -4.286168e-01 4.286168e-01 2.018138e+01
-2.016811e+01 -4.418889e-01 4.418889e-01 2.016811e+01
-2.015190e+01 -4.580982e-01 4.580982e-01 2.015190e+01
-2.013276e+01 -4.772375e-01 4.772375e-01 2.013276e+01
-2.011070e+01 -4.992982e-01 4.992982e-01 2.011070e+01
-2.008573e+01 -5.242705e-01 5.242705e-01 2.008573e+01
-2.005786e+01 -5.521431e-01 5.521431e-01 2.005786e+01
-2.002710e+01 -5.829037e-01 5.829037e-01 2.002710e+01
-1.999346e+01 -6.165383e-01 6.165383e-01 1.999346e+01
-1.995697e+01 -6.530321e-01 6.530321e-01 1.995697e+01
-1.991763e+01 -6.923686e-01 6.923686e-01 1.991763e+01
-1.987547e+01 -7.345303e-01 7.345303e-01 1.987547e+01
-1.983050e+01 -7.794982e-01 7.794982e-01 1.983050e+01
-1.978275e+01 -8.272523e-01 8.272523e-01 1.978275e+01
-1.973223e+01 -8.777711e-01 8.777711e-01 1.973223e+01
-1.967897e+01 -9.310322e-01 9.310322e-01 1.967897e+01
-1.962299e+01 -9.870115e-01 9.870115e-01 1.962299e+01
-1.956432e+01 -1.045684e+00 1.045684e+00 1.956432e+01
-1.950298e+01 -1.107024e+00 1.107024e+00 1.950298e+01
-1.943900e+01 -1.171003e+00 1.171003e+00 1.943900e+01
-1.937241e+01 -1.237593e+00 1.237593e+00 1.937241e+01
-1.930324e+01 -1.306765e+00 1.306765e+00 1.930324e+01
-1.923151e+01 -1.378486e+00 1.378486e+00 1.923151e+01
-1.915727e+01 -1.452726e+00 1.452726e+00 1.915727e+01
-1.908055e+01 -1.529450e+00 1.529450e+00 1.908055e+01
-1.900138e+01 -1.608625e+00 1.608625e+00 1.900138e+01
-1.891979e+01 -1.690215e+00 1.690215e+00 1.891979e+01
-1.883582e+01 -1.774184e+00 1.774184e+00 1.883582e+01
-1.874951e+01 -1.860493e+00 1.860493e+00 1.874951e+01
-1.866089e+01 -1.949105e+00 1.949105e+00 1.866089e+01
-1.857002e+01 -2.039980e+00 2.039980e+00 1.857002e+01
-1.847692e+01 -2.133076e+00 2.133076e+00 1.847692e+01
-1.838165e+01 -2.228353e+00 2.228353e+00 1.838165e+01
-1.828423e+01 -2.325768e+00 2.325768e+00 1.828423e+01
-1.818472e+01 -2.425277e+00 2.425277e+00 1.818472e+01
-1.808316e+01 -2.526836e+00 2.526836e+00 1.808316e+01
-1.797960e+01 -2.630398e+00 2.630398e+00 1.797960e+01
-1.787408e+01 -2.735919e+00 2.735919e+00 1.787408e+01
-1.776665e+01 -2.843350e+00 2.843350e+00 1.776665e+01
-1.765736e+01 -2.952643e+00 2.952643e+00 1.765736e+01
-1.754625e+01 -3.063751e+00 3.063751e+00 1.754625e+01
-1.743338e+01 -3.176622e+00 3.176622e+00 1.743338e+01
-1.731879e+01 -3.291206e+00 3.291206e+00 1.731879e+01
-1.720255e+01 -3.407452e+00 3.407452e+00 1.720255e+01
-1.708469e+01 -3.525309e+00 3.525309e+00 1.708469e+01
-1.696528e+01 -3.644723e+00 3.644723e+00 1.696528e+01
-1.684436e+01 -3.765640e+00 3.765640e+00 1.684436e+01
-1.672199e+01 -3.888007e+00 3.888007e+00 1.672199e+01
-1.659823e+01 -4.011770e+00 4.011770e+00 1.659823e+01
-1.647313e+01 -4.136872e+00 4.136872e+00 1.647313e+01
-1.634674e+01 -4.263257e+00 4.263257e+00 1.634674e+01
-1.621913e+01 -4.390870e+00 4.390870e+00 1.621913e+01
-1.609035e+01 -4.519652e+00 4.519652e+00 1.609035e+01
-1.596045e+01 -4.649547e+00 4.649547e+00 1.596045e+01
-1.582950e+01 -4.780496e+00 4.780496e+00 1.582950e+01
-1.569756e+01 -4.912440e+00 4.912440e+00 1.569756e+01
-1.556468e+01 -5.045321e+00 5.045321e+00 1.556468e+01
-1.543092e+01 -5.179079e+00 5.179079e+00 1.543092e+01
-1.529635e+01 -5.313654e+00 5.313654e+00 1.529635e+01
-1.516101e+01 -5.448986e+00 5.448986e+00 1.516101e+01
-1.502499e+01 -5.585015e+00 5.585015e+00 1.502499e+01
-1.488832e+01 -5.721679e+00 5.721679e+00 1.488832e+01
-1.475108e+01 -5.858917e+00 5.858917e+00 1.475108e+01
-1.461333e+01 -5.996668e+00 5.996668e+00 1.461333e+01
-1.447513e+01 -6.134871e+00 6.134871e+00 1.447513e+01
-1.433654e+01 -6.273463e+00 6.273463e+00 1.433654e+01
-1.419762e+01 -6.412382e+00 6.412382e+00 1.419762e+01
-1.405843e+01 -6.551566e+00 6.551566e+00 1.405843e+01
-1.391905e+01 -6.690954e+00 6.690954e+00 1.391905e+01
-1.377952e+01 -6.830482e+00 6.830482e+00 1.377952e+01
-1.363991e+01 -6.970088e+00 6.970088e+00 1.363991e+01
-1.350029e+01 -7.109710e+00 7.109710e+00 1.350029e+01
-1.336072e+01 -7.249284e+00 7.249284e+00 1.336072e+01
-1.322125e+01 -7.388750e+00 7.388750e+00 1.322125e+01
-1.308196e+01 -7.528044e+00 7.528044e+00 1.308196e+01
-1.294290e+01 -7.667103e+00 7.667103e+00 1.294290e+01
-1.280413e+01 -7.805867e+00 7.805867e+00 1.280413e+01
-1.266573e+01 -7.944272e+00 7.944272e+00 1.266573e+01
-1.252774e+01 -8.082256e+00 8.082256e+00 1.252774e+01
-1.239024e+01 -8.219759e+00 8.219759e+00 1.239024e+01
-1.225328e+01 -8.356718e+00 8.356718e+00 1.225328e+01
-1.211693e+01 -8.493072e+00 8.493072e+00 1.211693e+01
-1.198124e+01 -8.628760e+00 8.628760e+00 1.198124e+01
-1.184628e+01 -8.763721e+00 8.763721e+00 1.184628e+01
-1.171211e+01 -8.897895e+00 8.897895e+00 1.171211e+01
-1.157878e+01 -9.031222e+00 9.031222e+00 1.157878e+01
-1.144636e+01 -9.163642e+00 9.163642e+00 1.144636e+01
-1.131490e+01 -9.295096e+00 9.295096e+00 1.131490e+01
-1.118447e+01 -9.425525e+00 9.425525e+00 1.118447e+01
-1.105513e+01 -9.554871e+00 9.554871e+00 1.105513e+01
-1.092692e+01 -9.683076e+00 9.683076e+00 1.092692e+01
-1.079992e+01 -9.810082e+00 9.810082e+00 1.079992e+01
-1.067417e+01 -9.935833e+00 9.935833e+00 1.067417e+01
-1.054973e+01 -1.006027e+01 1.006027e+01 1.054973e+01
-1.042666e+01 -1.018334e+01 1.018334e+01 1.042666e+01
-1.030501e+01 -1.030499e+01 1.030499e+01 1.030501e+01
