0.000000e+00 0.000000e+00 0.000000e+00
3.367000e-03 3.367003e-03 0.000000e+00
6.734000e-03 6.734006e-03 0.000000e+00
1.010100e-02 1.010101e-02 0.000000e+00
1.346800e-02 1.346801e-02 0.000000e+00
1.683500e-02 1.683502e-02 0.000000e+00
2.020200e-02 2.020202e-02 0.000000e+00
2.356900e-02 2.356902e-02 0.000000e+00
2.693600e-02 2.693602e-02 0.000000e+00
3.030300e-02 3.030303e-02 0.000000e+00
3.367000e-02 3.367003e-02 0.000000e+00
3.703700e-02 3.703703e-02 0.000000e+00
4.040400e-02 4.040404e-02 0.000000e+00
4.377100e-02 4.377104e-02 0.000000e+00
4.713800e-02 4.713804e-02 0.000000e+00
5.050500e-02 5.050505e-02 0.000000e+00
5.387200e-02 5.387205e-02 0.000000e+00
5.723900e-02 5.723905e-02 0.000000e+00
6.060600e-02 6.060605e-02 0.000000e+00
6.397300e-02 6.397306e-02 0.000000e+00
6.734000e-02 6.734006e-02 0.000000e+00
7.070700e-02 7.070706e-02 0.000000e+00
7.407400e-02 7.407407e-02 0.000000e+00
7.744100e-02 7.744107e-02 0.000000e+00
8.080800e-02 8.080807e-02 0.000000e+00
8.417500e-02 8.417508e-02 0.000000e+00
8.754200e-02 8.754208e-02 0.000000e+00
9.090900e-02 9.090908e-02 0.000000e+00
9.427600e-02 9.427608e-02 0.000000e+00
9.764300e-02 9.764309e-02 0.000000e+00
1.010100e-01 1.010101e-01 0.000000e+00
1.043770e-01 1.043771e-01 0.000000e+00
1.077440e-01 1.077441e-01 0.000000e+00
1.111110e-01 1.111111e-01 0.000000e+00
1.144780e-01 1.144781e-01 0.000000e+00
1.178450e-01 1.178451e-01 0.000000e+00
1.212120e-01 1.212121e-01 0.000000e+00
1.245790e-01 1.245791e-01 0.000000e+00
1.279460e-01 1.279461e-01 0.000000e+00
1.313130e-01 1.313131e-01 0.000000e+00
1.346800e-01 1.346801e-01 0.000000e+00
1.380470e-01 1.380471e-01 0.000000e+00
1.414140e-01 1.414141e-01 0.000000e+00
1.447810e-01 1.447811e-01 0.000000e+00
1.481480e-01 1.481481e-01 0.000000e+00
1.515150e-01 1.515151e-01 0.000000e+00
1.548820e-01 1.548821e-01 0.000000e+00
1.582490e-01 1.582491e-01 0.000000e+00
1.616160e-01 1.616161e-01 0.000000e+00
1.649830e-01 1.649831e-01 0.000000e+00
1.683500e-01 1.683502e-01 0.000000e+00
1.717170e-01 1.717172e-01 0.000000e+00
1.750840e-01 1.750842e-01 0.000000e+00
1.784510e-01 1.784512e-01 0.000000e+00
1.818180e-01 1.818182e-01 0.000000e+00
1.851850e-01 1.851852e-01 0.000000e+00
1.885520e-01 1.885522e-01 0.000000e+00
1.919190e-01 1.919192e-01 0.000000e+00
1.952860e-01 1.952862e-01 0.000000e+00
1.986530e-01 1.986532e-01 0.000000e+00
2.020200e-01 2.020202e-01 0.000000e+00
2.053870e-01 2.053872e-01 0.000000e+00
2.087540e-01 2.087542e-01 0.000000e+00
2.121210e-01 2.121212e-01 0.000000e+00
2.154880e-01 2.154882e-01 0.000000e+00
2.188550e-01 2.188552e-01 0.000000e+00
2.222220e-01 2.222222e-01 0.000000e+00
2.255890e-01 2.255892e-01 0.000000e+00
2.289560e-01 2.289562e-01 0.000000e+00
2.323230e-01 2.323232e-01 0.000000e+00
2.356900e-01 2.356902e-01 0.000000e+00
2.390570e-01 2.390572e-01 0.000000e+00
2.424240e-01 2.424242e-01 0.000000e+00
2.457910e-01 2.457912e-01 0.000000e+00
2.491580e-01 2.491582e-01 0.000000e+00
2.525250e-01 2.525252e-01 0.000000e+00
2.558920e-01 2.558922e-01 0.000000e+00
2.592590e-01 2.592592e-01 0.000000e+00
2.626260e-01 2.626262e-01 0.000000e+00
2.659930e-01 2.659932e-01 0.000000e+00
2.693600e-01 2.693602e-01 0.000000e+00
2.727270e-01 2.727272e-01 0.000000e+00
2.760940e-01 2.760942e-01 0.000000e+00
2.794610e-01 2.794613e-01 0.000000e+00
2.828280e-01 2.828283e-01 0.000000e+00
2.861950e-01 2.861953e-01 0.000000e+00
2.895620e-01 2.895623e-01 0.000000e+00
2.929290e-01 2.929293e-01 0.000000e+00
2.962960e-01 2.962963e-01 0.000000e+00
2.996630e-01 2.996633e-01 0.000000e+00
3.030300e-01 3.030303e-01 0.000000e+00
3.063970e-01 3.063973e-01 0.000000e+00
3.097640e-01 3.097643e-01 0.000000e+00
3.131310e-01 3.131313e-01 0.000000e+00
3.164980e-01 3.164983e-01 0.000000e+00
3.198650e-01 3.198653e-01 0.000000e+00
3.232320e-01 3.232323e-01 0.000000e+00
3.265990e-01 3.265993e-01 0.000000e+00
3.299660e-01 3.299663e-01 0.000000e+00
3.333330e-01 3.333333e-01 0.000000e+00
