0.000000e+00 0.000000e+00 0.000000e+00
3.021313e-03 5.232929e-03 2.140977e-07
6.042626e-03 1.046586e-02 4.281954e-07
9.063939e-03 1.569879e-02 6.422931e-07
1.208525e-02 2.093171e-02 8.563908e-07
1.510656e-02 2.616464e-02 1.070488e-06
1.812788e-02 3.139757e-02 1.284586e-06
2.114919e-02 3.663050e-02 1.498684e-06
2.417050e-02 4.186343e-02 1.712782e-06
2.719182e-02 4.709636e-02 1.926879e-06
3.021313e-02 5.232929e-02 2.140977e-06
3.323444e-02 5.756221e-02 2.355075e-06
3.625576e-02 6.279514e-02 2.569172e-06
3.927707e-02 6.802807e-02 2.783270e-06
4.229838e-02 7.326100e-02 2.997368e-06
4.531969e-02 7.849393e-02 3.211465e-06
4.834101e-02 8.372686e-02 3.425563e-06
5.136232e-02 8.895979e-02 3.639661e-06
5.438363e-02 9.419272e-02 3.853758e-06
5.740495e-02 9.942564e-02 4.067856e-06
6.042626e-02 1.046586e-01 4.281954e-06
6.344757e-02 1.098915e-01 4.496051e-06
6.646889e-02 1.151244e-01 4.710149e-06
6.949020e-02 1.203574e-01 4.924247e-06
7.251151e-02 1.255903e-01 5.138345e-06
7.553282e-02 1.308232e-01 5.352442e-06
7.855414e-02 1.360561e-01 5.566540e-06
8.157545e-02 1.412891e-01 5.780638e-06
8.459676e-02 1.465220e-01 5.994735e-06
8.761808e-02 1.517549e-01 6.208833e-06
9.063939e-02 1.569879e-01 6.422931e-06
9.366070e-02 1.622208e-01 6.637028e-06
9.668201e-02 1.674537e-01 6.851126e-06
9.970333e-02 1.726866e-01 7.065224e-06
1.027246e-01 1.779196e-01 7.279321e-06
1.057460e-01 1.831525e-01 7.493419e-06
1.087673e-01 1.883854e-01 7.707517e-06
1.117886e-01 1.936184e-01 7.921615e-06
1.148099e-01 1.988513e-01 8.135712e-06
1.178312e-01 2.040842e-01 8.349810e-06
1.208525e-01 2.093171e-01 8.563908e-06
1.238738e-01 2.145501e-01 8.778005e-06
1.268951e-01 2.197830e-01 8.992103e-06
1.299165e-01 2.250159e-01 9.206201e-06
1.329378e-01 2.302489e-01 9.420298e-06
1.359591e-01 2.354818e-01 9.634396e-06
1.389804e-01 2.407147e-01 9.848494e-06
1.420017e-01 2.459476e-01 1.006259e-05
1.450230e-01 2.511806e-01 1.027669e-05
1.480443e-01 2.564135e-01 1.049079e-05
1.510656e-01 2.616464e-01 1.070488e-05
1.540870e-01 2.668794e-01 1.091898e-05
1.571083e-01 2.721123e-01 1.113308e-05
1.601296e-01 2.773452e-01 1.134718e-05
1.631509e-01 2.825781e-01 1.156128e-05
1.661722e-01 2.878111e-01 1.177537e-05
1.691935e-01 2.930440e-01 1.198947e-05
1.722148e-01 2.982769e-01 1.220357e-05
1.752362e-01 3.035099e-01 1.241767e-05
1.782575e-01 3.087428e-01 1.263176e-05
1.812788e-01 3.139757e-01 1.284586e-05
1.843001e-01 3.192086e-01 1.305996e-05
1.873214e-01 3.244416e-01 1.327406e-05
1.903427e-01 3.296745e-01 1.348815e-05
1.933640e-01 3.349074e-01 1.370225e-05
1.963853e-01 3.401404e-01 1.391635e-05
1.994067e-01 3.453733e-01 1.413045e-05
2.024280e-01 3.506062e-01 1.434455e-05
2.054493e-01 3.558391e-01 1.455864e-05
2.084706e-01 3.610721e-01 1.477274e-05
2.114919e-01 3.663050e-01 1.498684e-05
2.145132e-01 3.715379e-01 1.520094e-05
2.175345e-01 3.767709e-01 1.541503e-05
2.205558e-01 3.820038e-01 1.562913e-05
2.235772e-01 3.872367e-01 1.584323e-05
2.265985e-01 3.924696e-01 1.605733e-05
2.296198e-01 3.977026e-01 1.627142e-05
2.326411e-01 4.029355e-01 1.648552e-05
2.356624e-01 4.081684e-01 1.669962e-05
2.386837e-01 4.134014e-01 1.691372e-05
2.417050e-01 4.186343e-01 1.712782e-05
2.447264e-01 4.238672e-01 1.734191e-05
2.477477e-01 4.291001e-01 1.755601e-05
2.507690e-01 4.343331e-01 1.777011e-05
2.537903e-01 4.395660e-01 1.798421e-05
2.568116e-01 4.447989e-01 1.819830e-05
2.598329e-01 4.500319e-01 1.841240e-05
2.628542e-01 4.552648e-01 1.862650e-05
2.658755e-01 4.604977e-01 1.884060e-05
2.688969e-01 4.657306e-01 1.905469e-05
2.719182e-01 4.709636e-01 1.926879e-05
2.749395e-01 4.761965e-01 1.948289e-05
2.779608e-01 4.814294e-01 1.969699e-05
2.809821e-01 4.866624e-01 1.991109e-05
2.840034e-01 4.918953e-01 2.012518e-05
2.870247e-01 4.971282e-01 2.033928e-05
2.900460e-01 5.023611e-01 2.055338e-05
2.930674e-01 5.075941e-01 2.076748e-05
2.960887e-01 5.128270e-01 2.098157e-05
2.991100e-01 5.180599e-01 2.119567e-05
